d:\data\c\c++\radarguisystem\radarguisystem\debug\vc120.pdb
d:\data\c\c++\radarguisystem\radarguisystem\debug\transmitsignal.obj
d:\data\c\c++\radarguisystem\radarguisystem\debug\subarrayreceivedsignal.obj
d:\data\c\c++\radarguisystem\radarguisystem\debug\signalinfo.obj
d:\data\c\c++\radarguisystem\radarguisystem\debug\radarguisystem.obj
d:\data\c\c++\radarguisystem\radarguisystem\debug\radar.obj
d:\data\c\c++\radarguisystem\radarguisystem\debug\moveobject.obj
d:\data\c\c++\radarguisystem\radarguisystem\debug\main.obj
d:\data\c\c++\radarguisystem\radarguisystem\debug\moc_radarguisystem.obj
d:\data\c\c++\radarguisystem\radarguisystem\debug\echosignal.obj
d:\data\c\c++\radarguisystem\radarguisystem\debug\cfar.obj
d:\data\c\c++\radarguisystem\radarguisystem\debug\arrayreceivedsignal.obj
d:\data\c\c++\radarguisystem\radarguisystem\debug\antenna.obj
d:\data\c\c++\radarguisystem\radarguisystem\debug\qrc_radarguisystem.obj
d:\data\c\c++\radarguisystem\radarguisystem\generatedfiles\ui_radarguisystem.h
d:\data\c\c++\radarguisystem\radarguisystem\generatedfiles\qrc_radarguisystem.cpp
d:\data\c\c++\radarguisystem\radarguisystem\generatedfiles\debug\moc_radarguisystem.cpp
d:\data\c\c++\radarguisystem\win32\debug\radarguisystem.ilk
d:\data\c\c++\radarguisystem\win32\debug\radarguisystem.exe
d:\data\c\c++\radarguisystem\win32\debug\radarguisystem.pdb
d:\data\c\c++\radarguisystem\radarguisystem\debug\radarguisystem.tlog\cl.command.1.tlog
d:\data\c\c++\radarguisystem\radarguisystem\debug\radarguisystem.tlog\cl.read.1.tlog
d:\data\c\c++\radarguisystem\radarguisystem\debug\radarguisystem.tlog\cl.write.1.tlog
d:\data\c\c++\radarguisystem\radarguisystem\debug\radarguisystem.tlog\custombuild.command.1.tlog
d:\data\c\c++\radarguisystem\radarguisystem\debug\radarguisystem.tlog\custombuild.read.1.tlog
d:\data\c\c++\radarguisystem\radarguisystem\debug\radarguisystem.tlog\custombuild.write.1.tlog
d:\data\c\c++\radarguisystem\radarguisystem\debug\radarguisystem.tlog\link.command.1.tlog
d:\data\c\c++\radarguisystem\radarguisystem\debug\radarguisystem.tlog\link.read.1.tlog
d:\data\c\c++\radarguisystem\radarguisystem\debug\radarguisystem.tlog\link.write.1.tlog
